<?xml version="1.0" encoding="UTF-8"?>
<testng-results skipped="0" failed="0" ignored="0" total="1" passed="1">
  <reporter-output>
  </reporter-output>
  <suite name="Default suite" duration-ms="88" started-at="2021-11-11T10:30:15Z" finished-at="2021-11-11T10:30:15Z">
    <groups>
    </groups>
    <test name="Default test" duration-ms="88" started-at="2021-11-11T10:30:15Z" finished-at="2021-11-11T10:30:15Z">
      <class name="practice.Demo11">
        <test-method status="PASS" signature="sample()[pri:0, instance:practice.Demo11@735b5592]" name="sample" duration-ms="17" started-at="2021-11-11T10:30:15Z" finished-at="2021-11-11T10:30:15Z">
          <reporter-output>
          </reporter-output>
        </test-method> <!-- sample -->
      </class> <!-- practice.Demo11 -->
    </test> <!-- Default test -->
  </suite> <!-- Default suite -->
</testng-results>
